\BOOKMARK [1][-]{section*.1}{\376\377\000O\000v\000e\000r\000v\000i\000e\000w}{}% 1
\BOOKMARK [2][-]{section*.2}{\376\377\000D\000a\000y\000\040\0001\000:}{section*.1}% 2
\BOOKMARK [2][-]{section*.3}{\376\377\000D\000a\000y\000\040\0002\000:}{section*.1}% 3
\BOOKMARK [2][-]{section*.4}{\376\377\000L\000a\000b\000\040\000l\000e\000a\000r\000n\000i\000n\000g\000\040\000o\000u\000t\000c\000o\000m\000e\000s\000:}{section*.1}% 4
\BOOKMARK [1][-]{section*.5}{\376\377\000D\000a\000y\000\040\0001}{}% 5
\BOOKMARK [2][-]{section*.6}{\376\377\000D\000a\000y\000\040\0001\000\040\000-\000\040\000P\000a\000r\000t\000\040\0001\000:\000\040\000F\000a\000m\000i\000l\000i\000a\000r\000i\000z\000e\000\040\000y\000o\000u\000r\000s\000e\000l\000f\000\040\000w\000i\000t\000h\000\040\000a\000n\000\040\000R\000\040\000e\000n\000v\000i\000r\000o\000n\000m\000e\000n\000t}{section*.5}% 6
\BOOKMARK [2][-]{section*.7}{\376\377\000D\000a\000y\000\040\0001\000\040\000-\000\040\000P\000a\000r\000t\000\040\0002\000:\000\040\000S\000i\000m\000u\000l\000a\000t\000e\000\040\000s\000l\000u\000g\000\040\000a\000n\000d\000\040\000s\000o\000y\000b\000e\000a\000n\000\040\000p\000l\000a\000n\000t\000\040\000d\000e\000n\000s\000i\000t\000i\000e\000s}{section*.5}% 7
\BOOKMARK [3][-]{section*.8}{\376\377\000I\000n\000t\000r\000o\000d\000u\000c\000t\000i\000o\000n}{section*.7}% 8
\BOOKMARK [3][-]{section*.10}{\376\377\000S\000i\000m\000u\000l\000a\000t\000i\000o\000n}{section*.7}% 9
\BOOKMARK [2][-]{section*.11}{\376\377\000D\000a\000y\000\040\0001\000\040\000-\000\040\000P\000a\000r\000t\000\040\0003\000:\000\040\000V\000i\000s\000u\000a\000l\000i\000z\000a\000t\000i\000o\000n\000\040\000a\000n\000d\000\040\000a\000n\000a\000l\000y\000s\000i\000s\000\040\000o\000f\000\040\000s\000i\000m\000u\000l\000a\000t\000e\000d\000\040\000d\000a\000t\000a}{section*.5}% 10
\BOOKMARK [3][-]{section*.12}{\376\377\000P\000r\000e\000l\000i\000m\000i\000n\000a\000r\000y\000\040\000v\000i\000s\000u\000a\000l\000i\000z\000a\000t\000i\000o\000n}{section*.11}% 11
\BOOKMARK [3][-]{section*.13}{\376\377\000A\000n\000a\000l\000y\000s\000i\000s\000\040\000a\000n\000d\000\040\000f\000i\000n\000a\000l\000\040\000v\000i\000s\000u\000a\000l\000i\000z\000a\000t\000i\000o\000n}{section*.11}% 12
\BOOKMARK [1][-]{section*.14}{\376\377\000D\000a\000y\000\040\0002}{}% 13
\BOOKMARK [2][-]{section*.15}{\376\377\000D\000a\000y\000\040\0002\000\040\000-\000\040\000P\000a\000r\000t\000\040\0001\000:\000\040\000A\000d\000j\000u\000s\000t\000\040\000t\000h\000e\000\040\000s\000i\000m\000u\000l\000a\000t\000i\000o\000n\000\040\000s\000e\000t\000t\000i\000n\000g\000s}{section*.14}% 14
\BOOKMARK [3][-]{section*.16}{\376\377\000S\000p\000e\000c\000i\000f\000y\000\040\000y\000o\000u\000r\000\040\000w\000o\000r\000k\000i\000n\000g\000\040\000d\000i\000r\000e\000c\000t\000o\000r\000y}{section*.15}% 15
\BOOKMARK [3][-]{section*.17}{\376\377\000D\000o\000w\000n\000l\000o\000a\000d\000\040\000a\000n\000d\000\040\000s\000o\000u\000r\000c\000e\000\040\000t\000h\000e\000\040\000s\000i\000m\000u\000l\000a\000t\000i\000o\000n\000\040\000f\000u\000n\000c\000t\000i\000o\000n}{section*.15}% 16
\BOOKMARK [3][-]{section*.18}{\376\377\000R\000e\000c\000o\000n\000d\000u\000c\000t\000\040\000t\000h\000e\000\040\000s\000i\000m\000u\000l\000a\000t\000i\000o\000n}{section*.15}% 17
\BOOKMARK [2][-]{section*.19}{\376\377\000D\000a\000y\000\040\0002\000\040\000-\000\040\000P\000a\000r\000t\000\040\0002\000:\000\040\000V\000i\000s\000u\000a\000l\000i\000z\000e\000\040\000a\000n\000d\000\040\000a\000n\000a\000l\000y\000z\000e\000\040\000s\000o\000m\000e\000\040\000c\000o\000l\000l\000e\000c\000t\000e\000d\000\040\000d\000a\000t\000a}{section*.14}% 18
\BOOKMARK [3][-]{section*.20}{\376\377\000L\000o\000a\000d\000\040\000t\000h\000e\000\040\000s\000l\000u\000g\000\040\000a\000n\000d\000\040\000s\000o\000y\000b\000e\000a\000n\000\040\000d\000a\000t\000a}{section*.19}% 19
\BOOKMARK [3][-]{section*.21}{\376\377\000A\000p\000p\000l\000y\000\040\000t\000h\000e\000\040\000l\000i\000n\000e\000a\000r\000\040\000r\000e\000g\000r\000e\000s\000s\000i\000o\000n\000\040\000a\000n\000a\000l\000y\000s\000i\000s\000\040\000t\000o\000\040\000t\000h\000e\000\040\000n\000e\000w\000\040\000d\000a\000t\000a}{section*.19}% 20
